<?xml version="1.0" encoding="UTF-8"?>
<testsuite xmlns:xsi="http://www.w3.org/2001/XMLSchema-instance" xsi:noNamespaceSchemaLocation="https://maven.apache.org/surefire/maven-surefire-plugin/xsd/surefire-test-report.xsd" name="TestSuite" time="339.565" tests="7" errors="0" skipped="0" failures="0">
  <properties>
    <property name="awt.toolkit" value="sun.awt.windows.WToolkit"/>
    <property name="java.specification.version" value="11"/>
    <property name="RUN_DISPLAY_URL" value="http://localhost:8080/job/AsianPaintsTest/2/display/redirect"/>
    <property name="HUDSON_HOME" value="C:\Users\lenovo_\.jenkins"/>
    <property name="sun.cpu.isalist" value="amd64"/>
    <property name="RUN_CHANGES_DISPLAY_URL" value="http://localhost:8080/job/AsianPaintsTest/2/display/redirect?page=changes"/>
    <property name="sun.jnu.encoding" value="Cp1252"/>
    <property name="SESSIONNAME" value="Console"/>
    <property name="ALLUSERSPROFILE" value="C:\ProgramData"/>
    <property name="sun.arch.data.model" value="64"/>
    <property name="SystemDrive" value="C:"/>
    <property name="=ExitCode" value="00000001"/>
    <property name="java.vendor.url" value="https://openjdk.java.net/"/>
    <property name="JENKINS_SERVER_COOKIE" value="5205685069b121d6"/>
    <property name="USERNAME" value="lenovo_"/>
    <property name="ProgramFiles(x86)" value="C:\Program Files (x86)"/>
    <property name="JENKINS_URL" value="http://localhost:8080/"/>
    <property name="sun.boot.library.path" value="C:\Program Files\Java\jdk-11.0.15\bin"/>
    <property name="sun.java.command" value="jenkins.maven3.agent.Maven35Main E:\Drivers\apache-maven-3.8.6-bin\apache-maven-3.8.6 C:\Users\lenovo_\.jenkins\war\WEB-INF\lib\remoting-4.13.jar C:\Users\lenovo_\.jenkins\plugins\maven-plugin\WEB-INF\lib\maven35-interceptor-1.13.jar C:\Users\lenovo_\.jenkins\plugins\maven-plugin\WEB-INF\lib\maven3-interceptor-commons-1.13.jar 64718"/>
    <property name="FPS_BROWSER_USER_PROFILE_STRING" value="Default"/>
    <property name="maven.home" value="E:\Drivers\apache-maven-3.8.6-bin\apache-maven-3.8.6"/>
    <property name="jdk.debug" value="release"/>
    <property name="PATHEXT" value=".COM;.EXE;.BAT;.CMD;.VBS;.VBE;.JS;.JSE;.WSF;.WSH;.MSC"/>
    <property name="DriverData" value="C:\Windows\System32\Drivers\DriverData"/>
    <property name="IntelliJ IDEA Community Edition" value="C:\Program Files\JetBrains\IntelliJ IDEA Community Edition 2021.1.3\bin;"/>
    <property name="POM_GROUPID" value="debashis"/>
    <property name="java.specification.vendor" value="Oracle Corporation"/>
    <property name="jansi.mode" value="strip"/>
    <property name="java.version.date" value="2022-04-19"/>
    <property name="java.home" value="C:\Program Files\Java\jdk-11.0.15"/>
    <property name="JENKINS_HOME" value="C:\Users\lenovo_\.jenkins"/>
    <property name="file.separator" value="\"/>
    <property name="java.vm.compressedOopsMode" value="32-bit"/>
    <property name="line.separator" value="&#10;"/>
    <property name="HOMEPATH" value="\Users\lenovo_"/>
    <property name="NODE_NAME" value="built-in"/>
    <property name="java.specification.name" value="Java Platform API Specification"/>
    <property name="java.vm.specification.vendor" value="Oracle Corporation"/>
    <property name="BUILD_DISPLAY_NAME" value="#2"/>
    <property name="PROCESSOR_IDENTIFIER" value="Intel64 Family 6 Model 142 Stepping 10, GenuineIntel"/>
    <property name="maven3.interceptor" value="C:\Users\lenovo_\.jenkins\plugins\maven-plugin\WEB-INF\lib\maven35-interceptor-1.13.jar"/>
    <property name="PATH+MAVEN" value="E:\Drivers\apache-maven-3.8.6-bin\apache-maven-3.8.6/bin"/>
    <property name="maven3.interceptor.common" value="C:\Users\lenovo_\.jenkins\plugins\maven-plugin\WEB-INF\lib\maven3-interceptor-commons-1.13.jar"/>
    <property name="ProgramFiles" value="C:\Program Files"/>
    <property name="PUBLIC" value="C:\Users\Public"/>
    <property name="windir" value="C:\WINDOWS"/>
    <property name="=::" value="::\"/>
    <property name="WORKSPACE_TMP" value="C:\Users\lenovo_\.jenkins\workspace\AsianPaintsTest@tmp"/>
    <property name="user.script" value=""/>
    <property name="sun.management.compiler" value="HotSpot 64-Bit Tiered Compilers"/>
    <property name="FPS_BROWSER_APP_PROFILE_STRING" value="Internet Explorer"/>
    <property name="java.runtime.version" value="11.0.15+8-LTS-149"/>
    <property name="JAVA_HOME" value="C:\Program Files\Java\jdk-11.0.15"/>
    <property name="PROMPT" value="$P$G"/>
    <property name="user.name" value="lenovo_"/>
    <property name="POM_ARTIFACTID" value="com.asianpaints.com"/>
    <property name="OneDrive" value="C:\Users\lenovo_\OneDrive"/>
    <property name="file.encoding" value="Cp1252"/>
    <property name="APPDATA" value="C:\Users\lenovo_\AppData\Roaming"/>
    <property name="guice.disable.misplaced.annotation.check" value="true"/>
    <property name="HUDSON_URL" value="http://localhost:8080/"/>
    <property name="KMP_BLOCKTIME" value="0"/>
    <property name="WORKSPACE" value="C:\Users\lenovo_\.jenkins\workspace\AsianPaintsTest"/>
    <property name="java.vendor.version" value="18.9"/>
    <property name="Path" value="C:\Program Files\Java\jdk-11.0.15/bin;C:\app\lenovo_\product\21c\dbhomeXE\bin;C:\21c\DB\bin;E:\app\client\lenovo_\product\21.0.0\client_1\bin;C:\WINDOWS\system32;C:\WINDOWS;C:\WINDOWS\System32\Wbem;C:\WINDOWS\System32\WindowsPowerShell\v1.0\;C:\WINDOWS\System32\OpenSSH\;C:\MinGW\msys\1.0\bin;C:\MinGW\bin;C:\Users\lenovo_\AppData\Local\Programs\Python\Python310\Scripts\;C:\Users\lenovo_\AppData\Local\Programs\Python\Python310\Scripts\;C:\Program Files\nodejs\;E:\Drivers\allure-2.18.1\allure-2.18.1\bin;E:\Drivers\apache-maven-3.8.6-bin\apache-maven-3.8.6\bin;C:\Program Files\Git\cmd;C:\Program Files\Java\jdk-11.0.15\bin;C:\Program Files\MySQL\MySQL Shell 8.0\bin\;C:\Users\lenovo_\AppData\Local\Programs\Python\Python310\Scripts\;C:\Users\lenovo_\AppData\Local\Programs\Python\Python310\;C:\Users\lenovo_\AppData\Local\Microsoft\WindowsApps;C:\Program Files\JetBrains\IntelliJ IDEA Community Edition 2021.1.3\bin;;C:\Users\lenovo_\AppData\Local\Programs\Microsoft VS Code\bin;C:\Users\lenovo_\AppData\Roaming\npm"/>
    <property name="java.io.tmpdir" value="C:\Users\lenovo_\AppData\Local\Temp\"/>
    <property name="GIT_COMMIT" value="632c0009b319600d5cfd09b95edbce55a03ed83f"/>
    <property name="java.version" value="11.0.15"/>
    <property name="CI" value="true"/>
    <property name="COMPUTERNAME" value="DESKTOP-0SMHA22"/>
    <property name="java.vm.specification.name" value="Java Virtual Machine Specification"/>
    <property name="java.awt.printerjob" value="sun.awt.windows.WPrinterJob"/>
    <property name="JOB_BASE_NAME" value="AsianPaintsTest"/>
    <property name="sun.os.patch.level" value=""/>
    <property name="ComSpec" value="C:\WINDOWS\system32\cmd.exe"/>
    <property name="org.slf4j.simpleLogger.defaultLogLevel" value="info"/>
    <property name="java.library.path" value="C:\Program Files\Java\jdk-11.0.15\bin;C:\WINDOWS\Sun\Java\bin;C:\WINDOWS\system32;C:\WINDOWS;E:\Drivers\apache-maven-3.8.6-bin\apache-maven-3.8.6/bin;C:\Program Files\Java\jdk-11.0.15/bin;C:\Program Files\Java\jdk-11.0.15/bin;C:\app\lenovo_\product\21c\dbhomeXE\bin;C:\21c\DB\bin;E:\app\client\lenovo_\product\21.0.0\client_1\bin;C:\WINDOWS\system32;C:\WINDOWS;C:\WINDOWS\System32\Wbem;C:\WINDOWS\System32\WindowsPowerShell\v1.0\;C:\WINDOWS\System32\OpenSSH\;C:\MinGW\msys\1.0\bin;C:\MinGW\bin;C:\Users\lenovo_\AppData\Local\Programs\Python\Python310\Scripts\;C:\Users\lenovo_\AppData\Local\Programs\Python\Python310\Scripts\;C:\Program Files\nodejs\;E:\Drivers\allure-2.18.1\allure-2.18.1\bin;E:\Drivers\apache-maven-3.8.6-bin\apache-maven-3.8.6\bin;C:\Program Files\Git\cmd;C:\Program Files\Java\jdk-11.0.15\bin;C:\Program Files\MySQL\MySQL Shell 8.0\bin\;C:\Users\lenovo_\AppData\Local\Programs\Python\Python310\Scripts\;C:\Users\lenovo_\AppData\Local\Programs\Python\Python310\;C:\Users\lenovo_\AppData\Local\Microsoft\WindowsApps;C:\Program Files\JetBrains\IntelliJ IDEA Community Edition 2021.1.3\bin;;C:\Users\lenovo_\AppData\Local\Programs\Microsoft VS Code\bin;C:\Users\lenovo_\AppData\Roaming\npm;."/>
    <property name="BUILD_NUMBER" value="2"/>
    <property name="java.vendor" value="Oracle Corporation"/>
    <property name="BUILD_URL" value="http://localhost:8080/job/AsianPaintsTest/2/"/>
    <property name="HOMEDRIVE" value="C:"/>
    <property name="RUN_ARTIFACTS_DISPLAY_URL" value="http://localhost:8080/job/AsianPaintsTest/2/display/redirect?page=artifacts"/>
    <property name="sun.io.unicode.encoding" value="UnicodeLittle"/>
    <property name="POM_DISPLAYNAME" value="Debashis Naskar"/>
    <property name="GIT_URL" value="https://github.com/debanaskar13/AsianPaintsTest.git"/>
    <property name="NUMBER_OF_PROCESSORS" value="4"/>
    <property name="sun.desktop" value="windows"/>
    <property name="USERDOMAIN_ROAMINGPROFILE" value="DESKTOP-0SMHA22"/>
    <property name="PROCESSOR_LEVEL" value="6"/>
    <property name="JOB_URL" value="http://localhost:8080/job/AsianPaintsTest/"/>
    <property name="java.class.path" value="C:\Users\lenovo_\.jenkins\plugins\maven-plugin\WEB-INF\lib\maven35-agent-1.13.jar;E:\Drivers\apache-maven-3.8.6-bin\apache-maven-3.8.6\boot\plexus-classworlds-2.6.0.jar;E:\Drivers\apache-maven-3.8.6-bin\apache-maven-3.8.6/conf/logging"/>
    <property name="java.vm.vendor" value="Oracle Corporation"/>
    <property name="PROCESSOR_ARCHITECTURE" value="AMD64"/>
    <property name="PSModulePath" value="C:\Program Files\WindowsPowerShell\Modules;C:\WINDOWS\system32\WindowsPowerShell\v1.0\Modules"/>
    <property name="user.variant" value=""/>
    <property name="MAVEN_HOME" value="E:\Drivers\apache-maven-3.8.6-bin\apache-maven-3.8.6"/>
    <property name="user.timezone" value="Asia/Calcutta"/>
    <property name="maven.conf" value="E:\Drivers\apache-maven-3.8.6-bin\apache-maven-3.8.6\conf"/>
    <property name="os.name" value="Windows 10"/>
    <property name="java.vm.specification.version" value="11"/>
    <property name="RUN_TESTS_DISPLAY_URL" value="http://localhost:8080/job/AsianPaintsTest/2/display/redirect?page=tests"/>
    <property name="user.country" value="US"/>
    <property name="sun.java.launcher" value="SUN_STANDARD"/>
    <property name="POM_VERSION" value="0.0.1-SNAPSHOT"/>
    <property name="BUILD_TAG" value="jenkins-AsianPaintsTest-2"/>
    <property name="sun.cpu.endian" value="little"/>
    <property name="user.home" value="C:\Users\lenovo_"/>
    <property name="user.language" value="en"/>
    <property name="ProgramData" value="C:\ProgramData"/>
    <property name="=F:" value="F:\Software\Programming Language\Java\jenkins"/>
    <property name="ProgramW6432" value="C:\Program Files"/>
    <property name="java.awt.graphicsenv" value="sun.awt.Win32GraphicsEnvironment"/>
    <property name="JOB_DISPLAY_URL" value="http://localhost:8080/job/AsianPaintsTest/display/redirect"/>
    <property name="M2_HOME" value="E:\Drivers\apache-maven-3.8.6-bin\apache-maven-3.8.6"/>
    <property name="GIT_BRANCH" value="origin/main"/>
    <property name="GIT_PREVIOUS_COMMIT" value="632c0009b319600d5cfd09b95edbce55a03ed83f"/>
    <property name="LOCALAPPDATA" value="C:\Users\lenovo_\AppData\Local"/>
    <property name="POM_PACKAGING" value="jar"/>
    <property name="USERDOMAIN" value="DESKTOP-0SMHA22"/>
    <property name="LOGONSERVER" value="\\DESKTOP-0SMHA22"/>
    <property name="path.separator" value=";"/>
    <property name="BUILD_ID" value="2"/>
    <property name="os.version" value="10.0"/>
    <property name="JOB_NAME" value="AsianPaintsTest"/>
    <property name="MAVEN_OPTS" value=""/>
    <property name="OMP_WAIT_POLICY" value="PASSIVE"/>
    <property name="java.runtime.name" value="Java(TM) SE Runtime Environment"/>
    <property name="NODE_LABELS" value="built-in"/>
    <property name="java.vm.name" value="Java HotSpot(TM) 64-Bit Server VM"/>
    <property name="PATH+JDK" value="C:\Program Files\Java\jdk-11.0.15/bin"/>
    <property name="CommonProgramFiles" value="C:\Program Files\Common Files"/>
    <property name="java.vendor.url.bug" value="https://bugreport.java.com/bugreport/"/>
    <property name="OS" value="Windows_NT"/>
    <property name="user.dir" value="C:\eclipse-workspace\org.asianpaints.com"/>
    <property name="os.arch" value="amd64"/>
    <property name="EXECUTOR_NUMBER" value="0"/>
    <property name="HUDSON_SERVER_COOKIE" value="5205685069b121d6"/>
    <property name="PROCESSOR_REVISION" value="8e0a"/>
    <property name="CLASSPATH" value=""/>
    <property name="CommonProgramW6432" value="C:\Program Files\Common Files"/>
    <property name="SystemRoot" value="C:\WINDOWS"/>
    <property name="TEMP" value="C:\Users\lenovo_\AppData\Local\Temp"/>
    <property name="java.vm.info" value="mixed mode"/>
    <property name="java.vm.version" value="11.0.15+8-LTS-149"/>
    <property name="USERPROFILE" value="C:\Users\lenovo_"/>
    <property name="TMP" value="C:\Users\lenovo_\AppData\Local\Temp"/>
    <property name="CommonProgramFiles(x86)" value="C:\Program Files (x86)\Common Files"/>
    <property name="java.class.version" value="55.0"/>
  </properties>
  <testcase name="runScenario" classname="org.testrunner.com.TestRunner" time="66.441"/>
  <testcase name="runScenario" classname="org.testrunner.com.TestRunner" time="73.368"/>
  <testcase name="runScenario" classname="org.testrunner.com.TestRunner" time="67.161"/>
  <testcase name="runScenario" classname="org.testrunner.com.TestRunner" time="49.468"/>
  <testcase name="runScenario" classname="org.testrunner.com.TestRunner" time="27.451"/>
  <testcase name="runScenario" classname="org.testrunner.com.TestRunner" time="22.299"/>
  <testcase name="runScenario" classname="org.testrunner.com.TestRunner" time="26.052"/>
</testsuite>