<?xml version="1.0" encoding="UTF-8"?>
<!-- Generated by org.testng.reporters.JUnitReportReporter -->
<testsuite hostname="DESKTOP-0SMHA22" failures="0" tests="7" name="org.testrunner.com.TestRunner" time="410.058" errors="0" timestamp="2022-06-23T11:03:45 IST" skipped="0">
  <testcase classname="org.testrunner.com.TestRunner" name="runScenario" time="51.377"/>
  <system-out>
    <![CDATA[Pass]]>
  </system-out>
  <testcase classname="org.testrunner.com.TestRunner" name="runScenario" time="52.191"/>
  <system-out>
    <![CDATA[Pass]]>
  </system-out>
  <testcase classname="org.testrunner.com.TestRunner" name="runScenario" time="48.542"/>
  <system-out>
    <![CDATA[Pass]]>
  </system-out>
  <testcase classname="org.testrunner.com.TestRunner" name="runScenario" time="61.920"/>
  <system-out>
    <![CDATA[Pass]]>
  </system-out>
  <testcase classname="org.testrunner.com.TestRunner" name="runScenario" time="51.864"/>
  <system-out>
    <![CDATA[Pass]]>
  </system-out>
  <testcase classname="org.testrunner.com.TestRunner" name="runScenario" time="92.119"/>
  <system-out>
    <![CDATA[Pass]]>
  </system-out>
  <testcase classname="org.testrunner.com.TestRunner" name="runScenario" time="52.045"/>
  <system-out>
    <![CDATA[Pass]]>
  </system-out>
</testsuite> <!-- org.testrunner.com.TestRunner -->
