<?xml version="1.0" encoding="UTF-8"?>
<!-- Generated by org.testng.reporters.JUnitReportReporter -->
<testsuite hostname="DESKTOP-0SMHA22" failures="0" tests="7" name="org.testrunner.com.TestRunner" time="332.223" errors="0" timestamp="2022-06-23T15:43:10 IST" skipped="0">
  <testcase classname="org.testrunner.com.TestRunner" name="runScenario" time="22.299"/>
  <system-out>
    <![CDATA[Pass]]>
  </system-out>
  <testcase classname="org.testrunner.com.TestRunner" name="runScenario" time="66.429"/>
  <system-out>
    <![CDATA[Pass]]>
  </system-out>
  <testcase classname="org.testrunner.com.TestRunner" name="runScenario" time="67.161"/>
  <system-out>
    <![CDATA[Pass]]>
  </system-out>
  <testcase classname="org.testrunner.com.TestRunner" name="runScenario" time="73.366"/>
  <system-out>
    <![CDATA[Pass]]>
  </system-out>
  <testcase classname="org.testrunner.com.TestRunner" name="runScenario" time="49.463"/>
  <system-out>
    <![CDATA[Pass]]>
  </system-out>
  <testcase classname="org.testrunner.com.TestRunner" name="runScenario" time="26.053"/>
  <system-out>
    <![CDATA[Pass]]>
  </system-out>
  <testcase classname="org.testrunner.com.TestRunner" name="runScenario" time="27.452"/>
  <system-out>
    <![CDATA[Pass]]>
  </system-out>
</testsuite> <!-- org.testrunner.com.TestRunner -->
